{
  "RSpec": {
    "coverage": {
      "/home/diegodecamargoalvarenga/projeto-tcc1/config/environment.rb": [
        null,
        1,
        null,
        null,
        1
      ],
      "/home/diegodecamargoalvarenga/projeto-tcc1/config/application.rb": [
        1,
        null,
        1,
        null,
        null,
        null,
        1,
        null,
        null,
        1,
        1,
        null,
        null,
        null,
        null,
        null,
        null,
        null,
        null,
        null,
        null,
        null,
        null,
        null
      ],
      "/home/diegodecamargoalvarenga/projeto-tcc1/config/boot.rb": [
        null,
        1,
        null,
        1
      ],
      "/home/diegodecamargoalvarenga/projeto-tcc1/config/environments/test.rb": [
        1,
        null,
        null,
        null,
        null,
        null,
        null,
        1,
        null,
        null,
        null,
        null,
        1,
        null,
        null,
        1,
        1,
        null,
        null,
        1,
        1,
        null,
        null,
        1,
        null,
        null,
        1,
        null,
        null,
        null,
        null,
        1,
        null,
        null,
        1,
        null,
        null,
        null,
        null
      ],
      "/home/diegodecamargoalvarenga/projeto-tcc1/config/initializers/assets.rb": [
        null,
        null,
        null,
        1,
        null,
        null,
        null,
        null
      ],
      "/home/diegodecamargoalvarenga/projeto-tcc1/config/initializers/backtrace_silencers.rb": [
        null,
        null,
        null,
        null,
        null,
        null,
        null
      ],
      "/home/diegodecamargoalvarenga/projeto-tcc1/config/initializers/cookies_serializer.rb": [
        null,
        null,
        1
      ],
      "/home/diegodecamargoalvarenga/projeto-tcc1/config/initializers/filter_parameter_logging.rb": [
        null,
        null,
        null,
        1
      ],
      "/home/diegodecamargoalvarenga/projeto-tcc1/config/initializers/inflections.rb": [
        null,
        null,
        null,
        null,
        null,
        null,
        null,
        null,
        null,
        null,
        null,
        null,
        null,
        null,
        null,
        null
      ],
      "/home/diegodecamargoalvarenga/projeto-tcc1/config/initializers/mime_types.rb": [
        null,
        null,
        null,
        null
      ],
      "/home/diegodecamargoalvarenga/projeto-tcc1/config/initializers/session_store.rb": [
        null,
        null,
        1
      ],
      "/home/diegodecamargoalvarenga/projeto-tcc1/config/initializers/wrap_parameters.rb": [
        null,
        null,
        null,
        null,
        null,
        null,
        1,
        1,
        null,
        null,
        null,
        null,
        null,
        null
      ],
      "/home/diegodecamargoalvarenga/projeto-tcc1/spec/factories/clientes.rb": [
        1,
        1,
        1,
        1,
        1,
        1,
        1,
        1,
        1,
        1,
        1,
        1,
        1,
        1,
        null,
        null
      ],
      "/home/diegodecamargoalvarenga/projeto-tcc1/spec/factories/fornecedors.rb": [
        1,
        1,
        1,
        1,
        1,
        1,
        1,
        1,
        1,
        1,
        1,
        1,
        1,
        1,
        1,
        null,
        null
      ],
      "/home/diegodecamargoalvarenga/projeto-tcc1/spec/factories/funcionarios.rb": [
        1,
        1,
        1,
        1,
        1,
        1,
        1,
        1,
        1,
        1,
        1,
        1,
        1,
        1,
        1,
        null,
        null
      ],
      "/home/diegodecamargoalvarenga/projeto-tcc1/spec/factories/transportadoras.rb": [
        1,
        1,
        2,
        2,
        2,
        2,
        2,
        2,
        2,
        null,
        null
      ],
      "/home/diegodecamargoalvarenga/projeto-tcc1/config/routes.rb": [
        1,
        1,
        null,
        1,
        null,
        1,
        null,
        1,
        null,
        null,
        null,
        null,
        null,
        null,
        null,
        null,
        null,
        null,
        null,
        null,
        null,
        null,
        null,
        null,
        null,
        null,
        null,
        null,
        null,
        null,
        null,
        null,
        null,
        null,
        null,
        null,
        null,
        null,
        null,
        null,
        null,
        null,
        null,
        null,
        null,
        null,
        null,
        null,
        null,
        null,
        null,
        null,
        null,
        null,
        null,
        null,
        null,
        null,
        null,
        null,
        null,
        null,
        null,
        null,
        null
      ],
      "/home/diegodecamargoalvarenga/projeto-tcc1/app/helpers/application_helper.rb": [
        1,
        null
      ],
      "/home/diegodecamargoalvarenga/projeto-tcc1/app/helpers/clientes_helper.rb": [
        1,
        1,
        0,
        0,
        null,
        null,
        null,
        null,
        null
      ],
      "/home/diegodecamargoalvarenga/projeto-tcc1/app/helpers/fornecedors_helper.rb": [
        1,
        1,
        0,
        0,
        null,
        null,
        null,
        null
      ],
      "/home/diegodecamargoalvarenga/projeto-tcc1/app/helpers/funcionarios_helper.rb": [
        1,
        1,
        0,
        0,
        null,
        null,
        null,
        null
      ],
      "/home/diegodecamargoalvarenga/projeto-tcc1/app/helpers/transportadoras_helper.rb": [
        1,
        1,
        14,
        7,
        null,
        null,
        null,
        null
      ],
      "/home/diegodecamargoalvarenga/projeto-tcc1/app/controllers/transportadoras_controller.rb": [
        1,
        1,
        null,
        null,
        null,
        1,
        0,
        null,
        null,
        null,
        null,
        1,
        null,
        null,
        null,
        1,
        1,
        null,
        null,
        null,
        1,
        null,
        null,
        null,
        null,
        1,
        1,
        null,
        1,
        1,
        0,
        0,
        null,
        2,
        1,
        null,
        null,
        null,
        null,
        null,
        null,
        1,
        0,
        0,
        0,
        0,
        null,
        0,
        0,
        null,
        null,
        null,
        null,
        null,
        null,
        1,
        0,
        0,
        0,
        0,
        null,
        null,
        null,
        1,
        null,
        1,
        0,
        null,
        null,
        null,
        1,
        1,
        null,
        null
      ],
      "/home/diegodecamargoalvarenga/projeto-tcc1/app/controllers/application_controller.rb": [
        1,
        null,
        null,
        1,
        null
      ],
      "/home/diegodecamargoalvarenga/projeto-tcc1/app/models/transportadora.rb": [
        1,
        null,
        1,
        null,
        null,
        1,
        null,
        null,
        1,
        null,
        1,
        null,
        null,
        1,
        null,
        1,
        null
      ]
    },
    "timestamp": 1412277288
  }
}
